INFO main com.sc.dns.NumberScanner - Create Number Chunker
INFO pool-1-thread-2 com.sc.dns.SymbolMatcher - Match Found
INFO pool-1-thread-2 com.sc.dns.SymbolMatcher - Match Found
INFO pool-1-thread-2 com.sc.dns.SymbolMatcher - Match Found
INFO pool-1-thread-2 com.sc.dns.SymbolMatcher - Match Found
INFO pool-1-thread-2 com.sc.dns.SymbolMatcher - Match Found
INFO pool-1-thread-2 com.sc.dns.SymbolMatcher - Match Found
INFO pool-1-thread-2 com.sc.dns.SymbolMatcher - Match Found
INFO pool-1-thread-2 com.sc.dns.SymbolMatcher - Match Found
INFO pool-1-thread-2 com.sc.dns.SymbolMatcher - Match Found
INFO pool-1-thread-2 com.sc.dns.InputProcessor - 123456789
INFO main com.sc.dns.NumberScanner - Create Number Chunker
INFO pool-1-thread-2 com.sc.dns.InputProcessor - 123456789
INFO pool-1-thread-2 com.sc.dns.InputProcessor - 12345678? ILL
INFO pool-1-thread-2 com.sc.dns.InputProcessor - 1?3?5678? ILL
INFO pool-1-thread-2 com.sc.dns.InputProcessor - 01?3?5678 ILL
INFO main com.sc.dns.InputProcessor - 000000000
INFO main com.sc.dns.InputProcessor - 000000000
INFO main com.sc.dns.InputProcessor - 000000000
INFO main com.sc.dns.InputProcessor - 123456789
INFO main com.sc.dns.InputProcessor - 000000000
INFO main com.sc.dns.InputProcessor - 123456789
INFO main com.sc.dns.InputProcessor - 123?56?89 ILL
INFO main com.sc.dns.InputProcessor - 000000000
INFO main com.sc.dns.InputProcessor - 123456789
INFO main com.sc.dns.InputProcessor - 123?56?89 ILL
INFO main com.sc.dns.InputProcessor - 000000000
INFO main com.sc.dns.InputProcessor - 123456789
INFO main com.sc.dns.InputProcessor - 000000000
INFO main com.sc.dns.InputProcessor - 123456789
INFO main com.sc.dns.InputProcessor - 000000000
INFO main com.sc.dns.InputProcessor - 123456789
INFO main com.sc.dns.InputProcessor - 000000000
INFO main com.sc.dns.InputProcessor - 123456789
INFO main com.sc.dns.InputProcessor - 123?56?89 ILL
INFO main com.sc.dns.InputProcessor - 000000000
INFO main com.sc.dns.InputProcessor - 000000000
INFO main com.sc.dns.InputProcessor - 123456789
INFO main com.sc.dns.InputProcessor - 123?56?89 ILL
ERROR main com.sc.dns.NumberScanner - [Ljava.lang.StackTraceElement;@5ae63ade
ERROR main com.sc.dns.NumberScanner - [Ljava.lang.StackTraceElement;@4d49af10
ERROR main com.sc.dns.NumberScanner - C:\Users\ajay\StandardCharter\src\test\resources\testInput\example.txt
ERROR main com.sc.dns.NumberScanner - [Ljava.lang.StackTraceElement;@3701eaf6
ERROR main com.sc.dns.NumberScanner - C:\Users\ajay\StandardCharter\src\test\resources\testInput
ERROR main com.sc.dns.NumberScanner - [Ljava.lang.StackTraceElement;@3701eaf6
INFO pool-1-thread-2 com.sc.dns.InputProcessor - 000000000
INFO pool-1-thread-2 com.sc.dns.InputProcessor - 123456789
INFO pool-1-thread-2 com.sc.dns.InputProcessor - 123?56?89 ILL
INFO main com.sc.dns.InputProcessor - 000000000
INFO main com.sc.dns.InputProcessor - 123456789
INFO main com.sc.dns.InputProcessor - 123?56?89 ILL
ERROR main com.sc.dns.NumberScanner - C:\Users\ajay\StandardCharter\src\test\resources\testInput\exampleIllegal
INFO pool-1-thread-2 com.sc.dns.InputProcessor - 000000000
INFO pool-1-thread-2 com.sc.dns.InputProcessor - 12345???? ILL
INFO pool-1-thread-2 com.sc.dns.InputProcessor - 000000000
INFO pool-1-thread-2 com.sc.dns.InputProcessor - 12345???? ILL
INFO pool-1-thread-2 com.sc.dns.InputProcessor - 000000000
INFO pool-1-thread-2 com.sc.dns.InputProcessor - 12345???? ILL
INFO pool-1-thread-2 com.sc.dns.InputProcessor - 000000000
INFO pool-1-thread-2 com.sc.dns.InputProcessor - 12345???? ILL
INFO pool-1-thread-2 com.sc.dns.InputProcessor - 123?????? ILL
INFO pool-1-thread-2 com.sc.dns.InputProcessor - 000000000
INFO pool-1-thread-2 com.sc.dns.InputProcessor - 12345???? ILL
INFO pool-1-thread-2 com.sc.dns.InputProcessor - 123?????? ILL
INFO pool-1-thread-2 com.sc.dns.InputProcessor - ????????? ILL
INFO main com.sc.dns.InputProcessor - 000000000
INFO main com.sc.dns.InputProcessor - 123456789
INFO main com.sc.dns.InputProcessor - 123?56?89 ILL
INFO main com.sc.dns.InputProcessor - 000000000
INFO main com.sc.dns.InputProcessor - 12345???? ILL
INFO main com.sc.dns.InputProcessor - 123?????? ILL
INFO main com.sc.dns.InputProcessor - ????????? ILL
INFO main com.sc.dns.InputProcessor - 000000000
INFO main com.sc.dns.InputProcessor - 123456789
INFO main com.sc.dns.InputProcessor - 123?56?89 ILL
INFO main com.sc.dns.InputProcessor - 000000000
INFO main com.sc.dns.InputProcessor - 12345???? ILL
INFO main com.sc.dns.InputProcessor - 123?????? ILL
INFO main com.sc.dns.InputProcessor - ????????? ILL
ERROR main com.sc.dns.NumberScanner - C:\Users\ajay\StandardCharter\src\test\resources\testInput
ERROR main com.sc.dns.NumberScanner - C:\Users\ajay\StandardCharter\src\test\resources\testInput
ERROR main com.sc.dns.NumberScanner - C:\Users\ajay\StandardCharter\src\test\resources\testInput
ERROR pool-1-thread-1 com.sc.dns.NumberChunker - 
ERROR pool-1-thread-2 com.sc.dns.InputProcessor - [Ljava.lang.StackTraceElement;@f144447
ERROR pool-1-thread-1 com.sc.dns.NumberChunker - [Ljava.lang.StackTraceElement;@1c21456f
ERROR main com.sc.dns.NumberScanner - C:\Users\ajay\StandardCharter\src\test\resources\testInput
ERROR pool-1-thread-1 com.sc.dns.NumberChunker - 
ERROR pool-1-thread-2 com.sc.dns.InputProcessor - 
INFO pool-1-thread-2 com.sc.dns.InputProcessor - 000000000
INFO pool-1-thread-2 com.sc.dns.InputProcessor - 123456789
INFO pool-1-thread-2 com.sc.dns.InputProcessor - 123?56?89 ILL
